<?xml version="1.0" encoding="UTF-8"?>
<robot generator="Robot 5.0 (Python 3.10.4 on win32)" generated="20220506 09:39:03.885" rpa="false" schemaversion="3">
<suite id="s1" name="Demo4 Suite" source="E:\robot_project\selenium_suite\demo4_suite.robot">
<test id="s1-t1" name="TC1" line="7">
<kw name="Append To Environment Variable" library="OperatingSystem">
<arg>Path</arg>
<arg>E:\\drivers\\chromedriver_win32</arg>
<doc>Appends given ``values`` to environment variable ``name``.</doc>
<msg timestamp="20220506 09:39:04.136" level="INFO">Environment variable 'Path' set to value 'C:\Python\Python310\Scripts\;C:\Python\Python310\;C:\WINDOWS\system32;C:\WINDOWS;C:\WINDOWS\System32\Wbem;C:\WINDOWS\System32\WindowsPowerShell\v1.0\;C:\WINDOWS\System32\OpenSSH\;C;C:\Users\praka\Python\Python310\Scripts\;C:\Users\praka\Python\Python310\;C:\Users\praka\AppData\Local\Microsoft\WindowsApps;E:\drivers\chromedriver_win32'.</msg>
<status status="PASS" starttime="20220506 09:39:04.136" endtime="20220506 09:39:04.136"/>
</kw>
<kw name="Open Browser" library="SeleniumLibrary">
<arg>url=https://www.salesforce.com/in/form/signup/freetrial-sales/</arg>
<arg>browser=chrome</arg>
<doc>Opens a new browser instance to the optional ``url``.</doc>
<msg timestamp="20220506 09:39:04.136" level="INFO">Opening browser 'chrome' to base url 'https://www.salesforce.com/in/form/signup/freetrial-sales/'.</msg>
<status status="PASS" starttime="20220506 09:39:04.136" endtime="20220506 09:39:21.766"/>
</kw>
<kw name="Maximize Browser Window" library="SeleniumLibrary">
<doc>Maximizes current browser window.</doc>
<status status="PASS" starttime="20220506 09:39:21.767" endtime="20220506 09:39:21.886"/>
</kw>
<kw name="Input Text" library="SeleniumLibrary">
<arg>name=UserFirstName</arg>
<arg>Piro</arg>
<doc>Types the given ``text`` into the text field identified by ``locator``.</doc>
<msg timestamp="20220506 09:39:21.887" level="INFO">Typing text 'Piro' into text field 'name=UserFirstName'.</msg>
<status status="PASS" starttime="20220506 09:39:21.887" endtime="20220506 09:39:22.000"/>
</kw>
<kw name="Input Text" library="SeleniumLibrary">
<arg>name=UserLastName</arg>
<arg>Hai</arg>
<doc>Types the given ``text`` into the text field identified by ``locator``.</doc>
<msg timestamp="20220506 09:39:22.001" level="INFO">Typing text 'Hai' into text field 'name=UserLastName'.</msg>
<status status="PASS" starttime="20220506 09:39:22.000" endtime="20220506 09:39:22.101"/>
</kw>
<kw name="Input Text" library="SeleniumLibrary">
<arg>name=UserEmail</arg>
<arg>aaabbc@gmail.com</arg>
<doc>Types the given ``text`` into the text field identified by ``locator``.</doc>
<msg timestamp="20220506 09:39:22.102" level="INFO">Typing text 'aaabbc@gmail.com' into text field 'name=UserEmail'.</msg>
<status status="PASS" starttime="20220506 09:39:22.102" endtime="20220506 09:39:22.244"/>
</kw>
<kw name="Select From List By Label" library="SeleniumLibrary">
<arg>name=UserTitle</arg>
<arg>IT Manager</arg>
<doc>Selects options from selection list ``locator`` by ``labels``.</doc>
<msg timestamp="20220506 09:39:22.244" level="INFO">Selecting options from selection list 'name=UserTitle' by label IT Manager.</msg>
<status status="PASS" starttime="20220506 09:39:22.244" endtime="20220506 09:39:22.343"/>
</kw>
<kw name="Input Text" library="SeleniumLibrary">
<arg>name=CompanyName</arg>
<arg>LTTS</arg>
<doc>Types the given ``text`` into the text field identified by ``locator``.</doc>
<msg timestamp="20220506 09:39:22.344" level="INFO">Typing text 'LTTS' into text field 'name=CompanyName'.</msg>
<status status="PASS" starttime="20220506 09:39:22.343" endtime="20220506 09:39:22.444"/>
</kw>
<kw name="Select From List By Label" library="SeleniumLibrary">
<arg>name=CompanyEmployees</arg>
<arg>101 - 500 employees</arg>
<doc>Selects options from selection list ``locator`` by ``labels``.</doc>
<msg timestamp="20220506 09:39:22.445" level="INFO">Selecting options from selection list 'name=CompanyEmployees' by label 101 - 500 employees.</msg>
<status status="PASS" starttime="20220506 09:39:22.445" endtime="20220506 09:39:22.528"/>
</kw>
<kw name="Click Element" library="SeleniumLibrary">
<arg>xpath=//div[@class='checkbox-ui']</arg>
<doc>Click the element identified by ``locator``.</doc>
<msg timestamp="20220506 09:39:22.530" level="INFO">Clicking element 'xpath=//div[@class='checkbox-ui']'.</msg>
<status status="PASS" starttime="20220506 09:39:22.529" endtime="20220506 09:39:22.583"/>
</kw>
<kw name="Click Element" library="SeleniumLibrary">
<arg>name=start my free trial</arg>
<doc>Click the element identified by ``locator``.</doc>
<msg timestamp="20220506 09:39:22.584" level="INFO">Clicking element 'name=start my free trial'.</msg>
<status status="PASS" starttime="20220506 09:39:22.584" endtime="20220506 09:39:22.681"/>
</kw>
<kw name="Element Text Should Be" library="SeleniumLibrary">
<arg>xpath=//span[contains(@id,'UserPhone')]</arg>
<arg>Enter a valid phone number</arg>
<doc>Verifies that element ``locator`` contains exact the text ``expected``.</doc>
<msg timestamp="20220506 09:39:22.681" level="WARN">Keyword 'Element Text Should Be' found both from a custom library 'SeleniumLibrary' and a standard library 'XML'. The custom keyword is used. To select explicitly, and to get rid of this warning, use either 'SeleniumLibrary.Element Text Should Be' or 'XML.Element Text Should Be'.</msg>
<msg timestamp="20220506 09:39:22.682" level="INFO">Verifying element 'xpath=//span[contains(@id,'UserPhone')]' contains exact text 'Enter a valid phone number'.</msg>
<status status="PASS" starttime="20220506 09:39:22.681" endtime="20220506 09:39:22.864"/>
</kw>
<status status="PASS" starttime="20220506 09:39:04.136" endtime="20220506 09:39:22.865"/>
</test>
<status status="PASS" starttime="20220506 09:39:03.885" endtime="20220506 09:39:22.867"/>
</suite>
<statistics>
<total>
<stat pass="1" fail="0" skip="0">All Tests</stat>
</total>
<tag>
</tag>
<suite>
<stat pass="1" fail="0" skip="0" id="s1" name="Demo4 Suite">Demo4 Suite</stat>
</suite>
</statistics>
<errors>
<msg timestamp="20220506 09:39:22.681" level="WARN">Keyword 'Element Text Should Be' found both from a custom library 'SeleniumLibrary' and a standard library 'XML'. The custom keyword is used. To select explicitly, and to get rid of this warning, use either 'SeleniumLibrary.Element Text Should Be' or 'XML.Element Text Should Be'.</msg>
</errors>
</robot>
