<?xml version="1.0" encoding="UTF-8"?>
<robot generator="Robot 5.0 (Python 3.10.4 on win32)" generated="20220509 12:26:09.444" rpa="false" schemaversion="3">
<suite id="s1" name="Demo1" source="E:\robot_project\appium_suite\demo1.robot">
<test id="s1-t1" name="TC1" line="8">
<kw name="Open Application" library="AppiumLibrary">
<arg>remote_url=http://hub-cloud.browserstack.com/wd/hub</arg>
<arg>browserstack.user=prakashkumar_YhtDoJ</arg>
<arg>browserstack.key=enFCApNR5e4w8qqymD8d</arg>
<arg>app=bs://0a59fc1e72ba6d12d956a15edfdecf6039fcb011</arg>
<arg>device=Google Pixel 3</arg>
<arg>os_version=9.0</arg>
<arg>project=lt6_project</arg>
<arg>build=lt6_build</arg>
<arg>name=khanacademy test</arg>
<doc>Opens a new application to given Appium server.
Capabilities of appium server, Android and iOS,
Please check https://github.com/appium/appium/blob/master/docs/en/writing-running-appium/server-args.md
| *Option*            | *Man.* | *Description*     |
| remote_url          | Yes    | Appium server url |
| alias               | no     | alias             |</doc>
<status status="PASS" starttime="20220509 12:26:09.980" endtime="20220509 12:26:37.693"/>
</kw>
<kw name="Get Source">
<var>${app_source}</var>
<msg timestamp="20220509 12:26:37.695" level="FAIL">Multiple keywords with name 'Get Source' found. Give the full name of the keyword you want to use:
    AppiumLibrary.Get Source
    SeleniumLibrary.Get Source</msg>
<status status="FAIL" starttime="20220509 12:26:37.695" endtime="20220509 12:26:37.696"/>
</kw>
<kw name="Log" library="BuiltIn">
<arg>${app_source}</arg>
<doc>Logs the given message with the given level.</doc>
<status status="NOT RUN" starttime="20220509 12:26:37.699" endtime="20220509 12:26:37.699"/>
</kw>
<kw name="Wait Until Page Contains Element">
<arg>xpath=//*[@text='Dismiss']</arg>
<arg>50s</arg>
<status status="NOT RUN" starttime="20220509 12:26:37.701" endtime="20220509 12:26:37.701"/>
</kw>
<kw name="Click Element">
<arg>xpath=//*[@text='Dismiss']</arg>
<status status="NOT RUN" starttime="20220509 12:26:37.702" endtime="20220509 12:26:37.702"/>
</kw>
<kw name="Wait Until Page Contains Element">
<arg>xpath=//*[@text='Sign in']</arg>
<arg>50s</arg>
<status status="NOT RUN" starttime="20220509 12:26:37.704" endtime="20220509 12:26:37.704"/>
</kw>
<kw name="Click Element">
<arg>xpath=//*[@text='Sign in']</arg>
<status status="NOT RUN" starttime="20220509 12:26:37.705" endtime="20220509 12:26:37.705"/>
</kw>
<kw name="Wait Until Page Contains Element">
<arg>xpath=//*[@text='Sign in']</arg>
<arg>50s</arg>
<status status="NOT RUN" starttime="20220509 12:26:37.707" endtime="20220509 12:26:37.707"/>
</kw>
<kw name="Click Element">
<arg>xpath=//*[@text='Sign in']</arg>
<status status="NOT RUN" starttime="20220509 12:26:37.708" endtime="20220509 12:26:37.708"/>
</kw>
<kw name="Input Text">
<arg>xpath=//*[(@text='Enter an e-mail address or username')]</arg>
<arg>Pro123@gmail.com</arg>
<status status="NOT RUN" starttime="20220509 12:26:37.710" endtime="20220509 12:26:37.710"/>
</kw>
<kw name="Input Password">
<arg>xpath=//*[(@text='Password')]</arg>
<arg>Welcome</arg>
<status status="NOT RUN" starttime="20220509 12:26:37.711" endtime="20220509 12:26:37.712"/>
</kw>
<kw name="Click Element">
<arg>xpath=(//*[@text='Sign in'])[2]</arg>
<status status="NOT RUN" starttime="20220509 12:26:37.713" endtime="20220509 12:26:37.713"/>
</kw>
<kw name="Element Text Should Be">
<arg>xpath=//*[contains(@text='issue')]</arg>
<arg>There was an issue signing in</arg>
<status status="NOT RUN" starttime="20220509 12:26:37.715" endtime="20220509 12:26:37.716"/>
</kw>
<kw name="Close Application" library="AppiumLibrary" type="TEARDOWN">
<doc>Closes the current application and also close webdriver session.</doc>
<status status="PASS" starttime="20220509 12:26:37.718" endtime="20220509 12:26:38.971"/>
</kw>
<status status="FAIL" starttime="20220509 12:26:09.979" endtime="20220509 12:26:38.971">Multiple keywords with name 'Get Source' found. Give the full name of the keyword you want to use:
    AppiumLibrary.Get Source
    SeleniumLibrary.Get Source</status>
</test>
<status status="FAIL" starttime="20220509 12:26:09.453" endtime="20220509 12:26:38.988"/>
</suite>
<statistics>
<total>
<stat pass="0" fail="1" skip="0">All Tests</stat>
</total>
<tag>
</tag>
<suite>
<stat pass="0" fail="1" skip="0" id="s1" name="Demo1">Demo1</stat>
</suite>
</statistics>
<errors>
</errors>
</robot>
